<?xml version="1.0" encoding="UTF-8"?>
<testng-results skipped="0" failed="0" ignored="0" total="0" passed="0">
  <reporter-output>
  </reporter-output>
  <suite name="com.grp1.Gitart.AppTest" duration-ms="7" started-at="2020-01-26T14:12:26Z" finished-at="2020-01-26T14:12:26Z">
    <groups>
    </groups>
    <test name="Command line test" duration-ms="7" started-at="2020-01-26T14:12:26Z" finished-at="2020-01-26T14:12:26Z">
    </test> <!-- Command line test -->
  </suite> <!-- com.grp1.Gitart.AppTest -->
</testng-results>
