<?xml version="1.0" encoding="UTF-8"?>
<testng-results skipped="0" failed="0" total="3" passed="3">
  <reporter-output>
  </reporter-output>
  <suite name="Suite" duration-ms="24330" started-at="2020-01-26T14:00:02Z" finished-at="2020-01-26T14:00:27Z">
    <groups>
    </groups>
    <test name="Test" duration-ms="24330" started-at="2020-01-26T14:00:02Z" finished-at="2020-01-26T14:00:27Z">
      <class name="web1.Class1">
        <test-method status="PASS" signature="Test1()[pri:0, instance:web1.Class1@2eee9593]" name="Test1" duration-ms="7858" started-at="2020-01-26T19:30:02Z" finished-at="2020-01-26T19:30:10Z">
          <reporter-output>
          </reporter-output>
        </test-method> <!-- Test1 -->
        <test-method status="PASS" signature="Test2()[pri:0, instance:web1.Class1@2eee9593]" name="Test2" duration-ms="6916" started-at="2020-01-26T19:30:10Z" finished-at="2020-01-26T19:30:17Z">
          <reporter-output>
          </reporter-output>
        </test-method> <!-- Test2 -->
        <test-method status="PASS" signature="Test3()[pri:0, instance:web1.Class1@2eee9593]" name="Test3" duration-ms="9527" started-at="2020-01-26T19:30:17Z" finished-at="2020-01-26T19:30:27Z">
          <reporter-output>
          </reporter-output>
        </test-method> <!-- Test3 -->
      </class> <!-- web1.Class1 -->
    </test> <!-- Test -->
  </suite> <!-- Suite -->
</testng-results>
